<?xml version="1.0" encoding="UTF-8"?>
<!-- Generated by org.testng.reporters.JUnitXMLReporter -->
<testsuite hostname="KRISHNAGEHLOTR" ignored="0" name="Test" tests="10" failures="0" timestamp="08 Jul 2018 11:25:23 GMT" time="14.073" errors="0">
  <testcase name="registerUser" time="0.001" classname="com.testng.TestClass0002"/>
  <testcase name="registerUser" time="0.0" classname="com.testng.TestClass0002"/>
  <testcase name="testA" time="0.001" classname="com.testng.TestClass0001"/>
  <testcase name="editUser" time="0.0" classname="com.testng.TestClass0002"/>
  <testcase name="registerUser" time="0.0" classname="com.testng.TestClass0003"/>
  <testcase name="deleteUser" time="0.0" classname="com.testng.TestClass0003"/>
  <testcase name="registerUser" time="0.0" classname="com.testng.TestClass0004"/>
  <testcase name="registerUser" time="0.0" classname="com.testng.TestClass0004"/>
  <testcase name="verifyTitle" time="13.995" classname="com.testng.TestClass0005"/>
  <testcase name="deleteUser" time="0.0" classname="com.testng.TestClass0002"/>
</testsuite> <!-- Test -->
